<?xml version="1.0" encoding="UTF-8"?>
<testsuite xmlns:xsi="http://www.w3.org/2001/XMLSchema-instance" xsi:noNamespaceSchemaLocation="https://maven.apache.org/surefire/maven-surefire-plugin/xsd/surefire-test-report-3.0.xsd" version="3.0" name="com.panzipool.api.controller.EventControllerTest" time="6.774" tests="20" errors="0" skipped="0" failures="0">
  <properties>
[...]
</properties>
  <testcase name="pageViewEvent_createsSiteVisitorDaily" classname="com.panzipool.api.controller.EventControllerTest" time="0.718">
    <system-out><![CDATA[2026-07-13 07:56:46.870 &amp#27;[34mINFO &amp#27;[0;39m [main] &amp#27;[36mo.s.t.c.s.AnnotationConfigContextLoaderUtils&amp#27;[0;39m - Could not detect default configuration classes for test class [com.panzipool.api.controller.EventControllerTest]: EventControllerTest does not declare any static, non-private, non-final, nested classes annotated with @Configuration.
2026-07-13 07:56:46.944 &amp#27;[34mINFO &amp#27;[0;39m [main] &amp#27;[36mo.s.b.t.c.SpringBootTestContextBootstrapper&amp#27;[0;39m - Found @SpringBootConfiguration com.panzipool.api.PanziPoolApplication for test class com.panzipool.api.controller.EventControllerTest

  .   ____          _            __ _ _
 /\\ / ___'_ __ _ _(_)_ __  __ _ \ \ \ \
( ( )\___ | '_ | '_| | '_ \/ _` | \ \ \ \
 \\/  ___)| |_)| | | | | || (_| |  ) ) ) )
  '  |____| .__|_| |_|_| |_\__, | / / / /
 =========|_|==============|___/=/_/_/_/

 :: Spring Boot ::                (v3.3.5)

2026-07-13 07:56:47.085 &amp#27;[34mINFO &amp#27;[0;39m [main] &amp#27;[36mc.p.api.controller.EventControllerTest&amp#27;[0;39m - Starting EventControllerTest using Java 17.0.18 with PID 5008 (started by 81229 in D:\project\trae_project\PanziTool\backend)
2026-07-13 07:56:47.086 &amp#27;[34mINFO &amp#27;[0;39m [main] &amp#27;[36mc.p.api.controller.EventControllerTest&amp#27;[0;39m - No active profile set, falling back to 1 default profile: "default"
2026-07-13 07:56:48.233 &amp#27;[34mINFO &amp#27;[0;39m [main] &amp#27;[36mo.s.d.r.c.RepositoryConfigurationDelegate&amp#27;[0;39m - Bootstrapping Spring Data JPA repositories in DEFAULT mode.
2026-07-13 07:56:48.295 &amp#27;[34mINFO &amp#27;[0;39m [main] &amp#27;[36mo.s.d.r.c.RepositoryConfigurationDelegate&amp#27;[0;39m - Finished Spring Data repository scanning in 62 ms. Found 5 JPA repository interfaces.
2026-07-13 07:56:48.847 &amp#27;[34mINFO &amp#27;[0;39m [main] &amp#27;[36mo.s.b.w.embedded.tomcat.TomcatWebServer&amp#27;[0;39m - Tomcat initialized with port 0 (http)
2026-07-13 07:56:48.880 &amp#27;[34mINFO &amp#27;[0;39m [main] &amp#27;[36mo.apache.coyote.http11.Http11NioProtocol&amp#27;[0;39m - Initializing ProtocolHandler ["http-nio-auto-1"]
2026-07-13 07:56:48.887 &amp#27;[34mINFO &amp#27;[0;39m [main] &amp#27;[36mo.apache.catalina.core.StandardService&amp#27;[0;39m - Starting service [Tomcat]
2026-07-13 07:56:48.887 &amp#27;[34mINFO &amp#27;[0;39m [main] &amp#27;[36morg.apache.catalina.core.StandardEngine&amp#27;[0;39m - Starting Servlet engine: [Apache Tomcat/10.1.31]
2026-07-13 07:56:49.224 &amp#27;[34mINFO &amp#27;[0;39m [main] &amp#27;[36mo.a.c.c.C.[Tomcat].[localhost].[/api/v1]&amp#27;[0;39m - Initializing Spring embedded WebApplicationContext
2026-07-13 07:56:49.225 &amp#27;[34mINFO &amp#27;[0;39m [main] &amp#27;[36mo.s.b.w.s.c.ServletWebServerApplicationContext&amp#27;[0;39m - Root WebApplicationContext: initialization completed in 2135 ms
2026-07-13 07:56:49.649 &amp#27;[34mINFO &amp#27;[0;39m [main] &amp#27;[36mcom.zaxxer.hikari.HikariDataSource&amp#27;[0;39m - HikariPool-2 - Starting...
2026-07-13 07:56:49.652 &amp#27;[34mINFO &amp#27;[0;39m [main] &amp#27;[36mcom.zaxxer.hikari.pool.HikariPool&amp#27;[0;39m - HikariPool-2 - Added connection conn10: url=jdbc:h2:mem:panzipool user=SA
2026-07-13 07:56:49.652 &amp#27;[34mINFO &amp#27;[0;39m [main] &amp#27;[36mcom.zaxxer.hikari.HikariDataSource&amp#27;[0;39m - HikariPool-2 - Start completed.
2026-07-13 07:56:49.652 &amp#27;[34mINFO &amp#27;[0;39m [main] &amp#27;[36morg.flywaydb.core.FlywayExecutor&amp#27;[0;39m - Database: jdbc:h2:mem:panzipool (H2 2.2)
2026-07-13 07:56:49.660 &amp#27;[31mWARN &amp#27;[0;39m [main] &amp#27;[36mo.f.core.internal.database.base.Database&amp#27;[0;39m - Flyway upgrade recommended: H2 2.2.224 is newer than this version of Flyway and support has not been tested. The latest supported version of H2 is 2.2.220.
2026-07-13 07:56:49.705 &amp#27;[34mINFO &amp#27;[0;39m [main] &amp#27;[36mo.f.core.internal.command.DbValidate&amp#27;[0;39m - Successfully validated 7 migrations (execution time 00:00.042s)
2026-07-13 07:56:49.714 &amp#27;[34mINFO &amp#27;[0;39m [main] &amp#27;[36mo.f.core.internal.command.DbMigrate&amp#27;[0;39m - Current version of schema "public": 7
2026-07-13 07:56:49.715 &amp#27;[34mINFO &amp#27;[0;39m [main] &amp#27;[36mo.f.core.internal.command.DbMigrate&amp#27;[0;39m - Schema "public" is up to date. No migration necessary.
2026-07-13 07:56:49.806 &amp#27;[34mINFO &amp#27;[0;39m [main] &amp#27;[36mo.hibernate.jpa.internal.util.LogHelper&amp#27;[0;39m - HHH000204: Processing PersistenceUnitInfo [name: default]
2026-07-13 07:56:49.815 &amp#27;[34mINFO &amp#27;[0;39m [main] &amp#27;[36mo.h.c.internal.RegionFactoryInitiator&amp#27;[0;39m - HHH000026: Second-level cache disabled
2026-07-13 07:56:49.833 &amp#27;[34mINFO &amp#27;[0;39m [main] &amp#27;[36mo.s.o.j.p.SpringPersistenceUnitInfo&amp#27;[0;39m - No LoadTimeWeaver setup: ignoring JPA class transformer
2026-07-13 07:56:50.022 &amp#27;[34mINFO &amp#27;[0;39m [main] &amp#27;[36mo.h.e.t.j.p.i.JtaPlatformInitiator&amp#27;[0;39m - HHH000489: No JTA platform available (set 'hibernate.transaction.jta.platform' to enable JTA platform integration)
2026-07-13 07:56:50.026 &amp#27;[34mINFO &amp#27;[0;39m [main] &amp#27;[36mo.s.o.j.LocalContainerEntityManagerFactoryBean&amp#27;[0;39m - Initialized JPA EntityManagerFactory for persistence unit 'default'
2026-07-13 07:56:50.469 &amp#27;[31mWARN &amp#27;[0;39m [main] &amp#27;[36mo.s.b.a.o.j.JpaBaseConfiguration$JpaWebConfiguration&amp#27;[0;39m - spring.jpa.open-in-view is enabled by default. Therefore, database queries may be performed during view rendering. Explicitly configure spring.jpa.open-in-view to disable this warning
2026-07-13 07:56:51.084 &amp#27;[34mINFO &amp#27;[0;39m [main] &amp#27;[36mo.s.b.a.e.web.EndpointLinksResolver&amp#27;[0;39m - Exposing 2 endpoints beneath base path '/actuator'
2026-07-13 07:56:51.139 &amp#27;[34mINFO &amp#27;[0;39m [main] &amp#27;[36mo.apache.coyote.http11.Http11NioProtocol&amp#27;[0;39m - Starting ProtocolHandler ["http-nio-auto-1"]
2026-07-13 07:56:51.607 &amp#27;[34mINFO &amp#27;[0;39m [main] &amp#27;[36mo.s.b.w.embedded.tomcat.TomcatWebServer&amp#27;[0;39m - Tomcat started on port 65510 (http) with context path '/api/v1'
2026-07-13 07:56:51.624 &amp#27;[34mINFO &amp#27;[0;39m [main] &amp#27;[36mc.p.api.controller.EventControllerTest&amp#27;[0;39m - Started EventControllerTest in 4.637 seconds (process running for 27.557)
2026-07-13 07:56:51.986 &amp#27;[34mINFO &amp#27;[0;39m [http-nio-auto-1-exec-1] &amp#27;[36mo.a.c.c.C.[Tomcat].[localhost].[/api/v1]&amp#27;[0;39m - Initializing Spring DispatcherServlet 'dispatcherServlet'
2026-07-13 07:56:51.986 &amp#27;[34mINFO &amp#27;[0;39m [http-nio-auto-1-exec-1] &amp#27;[36mo.s.web.servlet.DispatcherServlet&amp#27;[0;39m - Initializing Servlet 'dispatcherServlet'
2026-07-13 07:56:51.986 &amp#27;[34mINFO &amp#27;[0;39m [http-nio-auto-1-exec-1] &amp#27;[36mo.s.web.servlet.DispatcherServlet&amp#27;[0;39m - Completed initialization in 0 ms
]]></system-out>
  </testcase>
  <testcase name="copyAndDownloadEvents_incrementUseCount" classname="com.panzipool.api.controller.EventControllerTest" time="0.092"/>
  <testcase name="validCopyEvent_returns200" classname="com.panzipool.api.controller.EventControllerTest" time="0.064"/>
  <testcase name="toolUseEvent_incrementsUseCount" classname="com.panzipool.api.controller.EventControllerTest" time="0.068"/>
  <testcase name="validDownloadEvent_returns200" classname="com.panzipool.api.controller.EventControllerTest" time="0.052"/>
  <testcase name="pageViewEvent_loggedWithNullToolId" classname="com.panzipool.api.controller.EventControllerTest" time="0.079"/>
  <testcase name="pageViewEvent_incrementsExistingPv" classname="com.panzipool.api.controller.EventControllerTest" time="0.08"/>
  <testcase name="invalidAnonIdFormat_returns400" classname="com.panzipool.api.controller.EventControllerTest" time="0.077">
    <system-out><![CDATA[2026-07-13 07:56:52.863 &amp#27;[31mWARN &amp#27;[0;39m [http-nio-auto-1-exec-10] &amp#27;[36mc.p.api.exception.GlobalExceptionHandler&amp#27;[0;39m - 参数校验失败(body): anonId: anon_id 格式不正确，应为标准 UUID（如 550e8400-e29b-41d4-a716-446655440000）
]]></system-out>
  </testcase>
  <testcase name="eventLoggedToDatabase" classname="com.panzipool.api.controller.EventControllerTest" time="0.07"/>
  <testcase name="validPageViewEvent_returns200" classname="com.panzipool.api.controller.EventControllerTest" time="0.063"/>
  <testcase name="blankEventType_returns400" classname="com.panzipool.api.controller.EventControllerTest" time="0.043">
    <system-out><![CDATA[2026-07-13 07:56:53.069 &amp#27;[31mWARN &amp#27;[0;39m [http-nio-auto-1-exec-4] &amp#27;[36mc.p.api.exception.GlobalExceptionHandler&amp#27;[0;39m - 参数校验失败(body): eventType: event_type 不能为空; eventType: event_type 必须是 page_view/tool_use/copy/download 之一
]]></system-out>
  </testcase>
  <testcase name="invalidEventType_returns400" classname="com.panzipool.api.controller.EventControllerTest" time="0.037">
    <system-out><![CDATA[2026-07-13 07:56:53.108 &amp#27;[31mWARN &amp#27;[0;39m [http-nio-auto-1-exec-2] &amp#27;[36mc.p.api.exception.GlobalExceptionHandler&amp#27;[0;39m - 参数校验失败(body): eventType: event_type 必须是 page_view/tool_use/copy/download 之一
]]></system-out>
  </testcase>
  <testcase name="multipleToolUseEvents_incrementCorrectly" classname="com.panzipool.api.controller.EventControllerTest" time="0.076"/>
  <testcase name="blankAnonId_returns400" classname="com.panzipool.api.controller.EventControllerTest" time="0.041">
    <system-out><![CDATA[2026-07-13 07:56:53.234 &amp#27;[31mWARN &amp#27;[0;39m [http-nio-auto-1-exec-8] &amp#27;[36mc.p.api.exception.GlobalExceptionHandler&amp#27;[0;39m - 参数校验失败(body): anonId: anon_id 不能为空; anonId: anon_id 格式不正确，应为标准 UUID（如 550e8400-e29b-41d4-a716-446655440000）
]]></system-out>
  </testcase>
  <testcase name="missingAnonId_returns400" classname="com.panzipool.api.controller.EventControllerTest" time="0.028">
    <system-out><![CDATA[2026-07-13 07:56:53.269 &amp#27;[31mWARN &amp#27;[0;39m [http-nio-auto-1-exec-6] &amp#27;[36mc.p.api.exception.GlobalExceptionHandler&amp#27;[0;39m - 参数校验失败(body): anonId: anon_id 不能为空
]]></system-out>
  </testcase>
  <testcase name="validToolUseEvent_returns200" classname="com.panzipool.api.controller.EventControllerTest" time="0.035"/>
  <testcase name="pageViewEvent_doesNotIncrementUseCount" classname="com.panzipool.api.controller.EventControllerTest" time="0.054"/>
  <testcase name="rateLimit_ip_exceeded_returns429" classname="com.panzipool.api.controller.EventControllerTest" time="0.1">
    <system-out><![CDATA[2026-07-13 07:56:53.467 &amp#27;[31mWARN &amp#27;[0;39m [http-nio-auto-1-exec-2] &amp#27;[36mc.panzipool.api.service.RateLimitService&amp#27;[0;39m - 频率限制触发: key=ip:127.0.0.1, current=3, max=3
2026-07-13 07:56:53.469 &amp#27;[31mWARN &amp#27;[0;39m [http-nio-auto-1-exec-2] &amp#27;[36mc.p.api.exception.GlobalExceptionHandler&amp#27;[0;39m - 频率限制超限: 请求过于频繁，请稍后再试
]]></system-out>
  </testcase>
  <testcase name="rateLimit_anonId_exceeded_returns429" classname="com.panzipool.api.controller.EventControllerTest" time="0.099">
    <system-out><![CDATA[2026-07-13 07:56:53.569 &amp#27;[31mWARN &amp#27;[0;39m [http-nio-auto-1-exec-6] &amp#27;[36mc.panzipool.api.service.RateLimitService&amp#27;[0;39m - 频率限制触发: key=anon:770e8400-e29b-41d4-a716-446655440002, current=3, max=3
2026-07-13 07:56:53.569 &amp#27;[31mWARN &amp#27;[0;39m [http-nio-auto-1-exec-6] &amp#27;[36mc.p.api.exception.GlobalExceptionHandler&amp#27;[0;39m - 频率限制超限: 请求过于频繁，请稍后再试
]]></system-out>
  </testcase>
  <testcase name="nonExistentToolSlug_returns400" classname="com.panzipool.api.controller.EventControllerTest" time="0.048">
    <system-out><![CDATA[2026-07-13 07:56:53.619 &amp#27;[31mWARN &amp#27;[0;39m [http-nio-auto-1-exec-9] &amp#27;[36mc.p.api.exception.GlobalExceptionHandler&amp#27;[0;39m - 业务异常: code=400, message=工具不存在
]]></system-out>
  </testcase>
</testsuite>