<?xml version="1.0" encoding="UTF-8"?>
<testsuite xmlns:xsi="http://www.w3.org/2001/XMLSchema-instance" xsi:noNamespaceSchemaLocation="https://maven.apache.org/surefire/maven-surefire-plugin/xsd/surefire-test-report-3.0.xsd" version="3.0" name="com.panzipool.api.config.ScheduledTasksRetentionTest" time="20.881" tests="5" errors="0" skipped="0" failures="0">
  <properties>
[...]
</properties>
  <testcase name="cleanupOldEventLogs_emptyTable_noError" classname="com.panzipool.api.config.ScheduledTasksRetentionTest" time="2.008">
    <system-out><![CDATA[07:56:26.426 [main] INFO org.springframework.test.context.support.AnnotationConfigContextLoaderUtils -- Could not detect default configuration classes for test class [com.panzipool.api.config.ScheduledTasksRetentionTest]: ScheduledTasksRetentionTest does not declare any static, non-private, non-final, nested classes annotated with @Configuration.
07:56:26.787 [main] INFO org.springframework.boot.test.context.SpringBootTestContextBootstrapper -- Found @SpringBootConfiguration com.panzipool.api.PanziPoolApplication for test class com.panzipool.api.config.ScheduledTasksRetentionTest

  .   ____          _            __ _ _
 /\\ / ___'_ __ _ _(_)_ __  __ _ \ \ \ \
( ( )\___ | '_ | '_| | '_ \/ _` | \ \ \ \
 \\/  ___)| |_)| | | | | || (_| |  ) ) ) )
  '  |____| .__|_| |_|_| |_\__, | / / / /
 =========|_|==============|___/=/_/_/_/

 :: Spring Boot ::                (v3.3.5)

2026-07-13 07:56:28.062 &amp#27;[34mINFO &amp#27;[0;39m [background-preinit] &amp#27;[36mo.h.validator.internal.util.Version&amp#27;[0;39m - HV000001: Hibernate Validator 8.0.1.Final
2026-07-13 07:56:28.146 &amp#27;[34mINFO &amp#27;[0;39m [main] &amp#27;[36mc.p.a.config.ScheduledTasksRetentionTest&amp#27;[0;39m - Starting ScheduledTasksRetentionTest using Java 17.0.18 with PID 5008 (started by 81229 in D:\project\trae_project\PanziTool\backend)
2026-07-13 07:56:28.149 &amp#27;[34mINFO &amp#27;[0;39m [main] &amp#27;[36mc.p.a.config.ScheduledTasksRetentionTest&amp#27;[0;39m - No active profile set, falling back to 1 default profile: "default"
2026-07-13 07:56:31.252 &amp#27;[34mINFO &amp#27;[0;39m [main] &amp#27;[36mo.s.d.r.c.RepositoryConfigurationDelegate&amp#27;[0;39m - Bootstrapping Spring Data JPA repositories in DEFAULT mode.
2026-07-13 07:56:31.462 &amp#27;[34mINFO &amp#27;[0;39m [main] &amp#27;[36mo.s.d.r.c.RepositoryConfigurationDelegate&amp#27;[0;39m - Finished Spring Data repository scanning in 199 ms. Found 5 JPA repository interfaces.
2026-07-13 07:56:33.493 &amp#27;[34mINFO &amp#27;[0;39m [main] &amp#27;[36mcom.zaxxer.hikari.HikariDataSource&amp#27;[0;39m - HikariPool-1 - Starting...
2026-07-13 07:56:34.111 &amp#27;[34mINFO &amp#27;[0;39m [main] &amp#27;[36mcom.zaxxer.hikari.pool.HikariPool&amp#27;[0;39m - HikariPool-1 - Added connection conn0: url=jdbc:h2:mem:panzipool user=SA
2026-07-13 07:56:34.116 &amp#27;[34mINFO &amp#27;[0;39m [main] &amp#27;[36mcom.zaxxer.hikari.HikariDataSource&amp#27;[0;39m - HikariPool-1 - Start completed.
2026-07-13 07:56:34.220 &amp#27;[34mINFO &amp#27;[0;39m [main] &amp#27;[36morg.flywaydb.core.FlywayExecutor&amp#27;[0;39m - Database: jdbc:h2:mem:panzipool (H2 2.2)
2026-07-13 07:56:34.239 &amp#27;[31mWARN &amp#27;[0;39m [main] &amp#27;[36mo.f.core.internal.database.base.Database&amp#27;[0;39m - Flyway upgrade recommended: H2 2.2.224 is newer than this version of Flyway and support has not been tested. The latest supported version of H2 is 2.2.220.
2026-07-13 07:56:34.312 &amp#27;[34mINFO &amp#27;[0;39m [main] &amp#27;[36mo.f.c.i.s.JdbcTableSchemaHistory&amp#27;[0;39m - Schema history table "public"."flyway_schema_history" does not exist yet
2026-07-13 07:56:34.319 &amp#27;[34mINFO &amp#27;[0;39m [main] &amp#27;[36mo.f.core.internal.command.DbValidate&amp#27;[0;39m - Successfully validated 7 migrations (execution time 00:00.049s)
2026-07-13 07:56:34.338 &amp#27;[34mINFO &amp#27;[0;39m [main] &amp#27;[36mo.f.c.i.s.JdbcTableSchemaHistory&amp#27;[0;39m - Creating Schema History table "public"."flyway_schema_history" ...
2026-07-13 07:56:34.434 &amp#27;[34mINFO &amp#27;[0;39m [main] &amp#27;[36mo.f.core.internal.command.DbMigrate&amp#27;[0;39m - Current version of schema "public": << Empty Schema >>
2026-07-13 07:56:34.478 &amp#27;[34mINFO &amp#27;[0;39m [main] &amp#27;[36mo.f.core.internal.command.DbMigrate&amp#27;[0;39m - Migrating schema "public" to version "1 - create tools table"
2026-07-13 07:56:34.575 &amp#27;[34mINFO &amp#27;[0;39m [main] &amp#27;[36mo.f.core.internal.command.DbMigrate&amp#27;[0;39m - Migrating schema "public" to version "2 - create tool event logs table"
2026-07-13 07:56:34.613 &amp#27;[34mINFO &amp#27;[0;39m [main] &amp#27;[36mo.f.core.internal.command.DbMigrate&amp#27;[0;39m - Migrating schema "public" to version "3 - create tool event daily table"
2026-07-13 07:56:34.641 &amp#27;[34mINFO &amp#27;[0;39m [main] &amp#27;[36mo.f.core.internal.command.DbMigrate&amp#27;[0;39m - Migrating schema "public" to version "4 - create tool likes table"
2026-07-13 07:56:34.672 &amp#27;[34mINFO &amp#27;[0;39m [main] &amp#27;[36mo.f.core.internal.command.DbMigrate&amp#27;[0;39m - Migrating schema "public" to version "5 - create site visitor daily table"
2026-07-13 07:56:34.704 &amp#27;[34mINFO &amp#27;[0;39m [main] &amp#27;[36mo.f.core.internal.command.DbMigrate&amp#27;[0;39m - Migrating schema "public" to version "6 - seed tools data"
2026-07-13 07:56:34.732 &amp#27;[34mINFO &amp#27;[0;39m [main] &amp#27;[36mo.f.core.internal.command.DbMigrate&amp#27;[0;39m - Migrating schema "public" to version "7 - alter tool id nullable"
2026-07-13 07:56:34.763 &amp#27;[34mINFO &amp#27;[0;39m [main] &amp#27;[36mo.f.core.internal.command.DbMigrate&amp#27;[0;39m - Successfully applied 7 migrations to schema "public", now at version v7 (execution time 00:00.123s)
2026-07-13 07:56:35.131 &amp#27;[34mINFO &amp#27;[0;39m [main] &amp#27;[36mo.hibernate.jpa.internal.util.LogHelper&amp#27;[0;39m - HHH000204: Processing PersistenceUnitInfo [name: default]
2026-07-13 07:56:35.302 &amp#27;[34mINFO &amp#27;[0;39m [main] &amp#27;[36morg.hibernate.Version&amp#27;[0;39m - HHH000412: Hibernate ORM core version 6.5.3.Final
2026-07-13 07:56:35.416 &amp#27;[34mINFO &amp#27;[0;39m [main] &amp#27;[36mo.h.c.internal.RegionFactoryInitiator&amp#27;[0;39m - HHH000026: Second-level cache disabled
2026-07-13 07:56:36.366 &amp#27;[34mINFO &amp#27;[0;39m [main] &amp#27;[36mo.s.o.j.p.SpringPersistenceUnitInfo&amp#27;[0;39m - No LoadTimeWeaver setup: ignoring JPA class transformer
2026-07-13 07:56:38.716 &amp#27;[34mINFO &amp#27;[0;39m [main] &amp#27;[36mo.h.e.t.j.p.i.JtaPlatformInitiator&amp#27;[0;39m - HHH000489: No JTA platform available (set 'hibernate.transaction.jta.platform' to enable JTA platform integration)
2026-07-13 07:56:38.772 &amp#27;[34mINFO &amp#27;[0;39m [main] &amp#27;[36mo.s.o.j.LocalContainerEntityManagerFactoryBean&amp#27;[0;39m - Initialized JPA EntityManagerFactory for persistence unit 'default'
2026-07-13 07:56:39.624 &amp#27;[34mINFO &amp#27;[0;39m [main] &amp#27;[36mo.s.d.j.r.query.QueryEnhancerFactory&amp#27;[0;39m - Hibernate is in classpath; If applicable, HQL parser will be used.
2026-07-13 07:56:41.842 &amp#27;[31mWARN &amp#27;[0;39m [main] &amp#27;[36mo.s.b.a.o.j.JpaBaseConfiguration$JpaWebConfiguration&amp#27;[0;39m - spring.jpa.open-in-view is enabled by default. Therefore, database queries may be performed during view rendering. Explicitly configure spring.jpa.open-in-view to disable this warning
2026-07-13 07:56:44.039 &amp#27;[34mINFO &amp#27;[0;39m [main] &amp#27;[36mo.s.b.a.e.web.EndpointLinksResolver&amp#27;[0;39m - Exposing 2 endpoints beneath base path '/actuator'
2026-07-13 07:56:44.280 &amp#27;[34mINFO &amp#27;[0;39m [main] &amp#27;[36mc.p.a.config.ScheduledTasksRetentionTest&amp#27;[0;39m - Started ScheduledTasksRetentionTest in 17.084 seconds (process running for 20.212)
2026-07-13 07:56:46.412 &amp#27;[34mINFO &amp#27;[0;39m [main] &amp#27;[36mcom.panzipool.api.config.ScheduledTasks&amp#27;[0;39m - 开始清理过期事件日志: threshold=2026-04-14T07:56:46.412391900
2026-07-13 07:56:46.444 &amp#27;[34mINFO &amp#27;[0;39m [main] &amp#27;[36mcom.panzipool.api.config.ScheduledTasks&amp#27;[0;39m - 清理过期事件日志完成: deletedCount=0, threshold=2026-04-14T07:56:46.412391900
]]></system-out>
  </testcase>
  <testcase name="cleanupOldEventLogs_noOldLogs_deletesNothing" classname="com.panzipool.api.config.ScheduledTasksRetentionTest" time="0.2">
    <system-out><![CDATA[2026-07-13 07:56:46.665 &amp#27;[34mINFO &amp#27;[0;39m [main] &amp#27;[36mcom.panzipool.api.config.ScheduledTasks&amp#27;[0;39m - 开始清理过期事件日志: threshold=2026-04-14T07:56:46.665863500
2026-07-13 07:56:46.667 &amp#27;[34mINFO &amp#27;[0;39m [main] &amp#27;[36mcom.panzipool.api.config.ScheduledTasks&amp#27;[0;39m - 清理过期事件日志完成: deletedCount=0, threshold=2026-04-14T07:56:46.665863500
]]></system-out>
  </testcase>
  <testcase name="cleanupOldEventLogs_boundaryCondition_deletesSlightlyOver90Days" classname="com.panzipool.api.config.ScheduledTasksRetentionTest" time="0.061">
    <system-out><![CDATA[2026-07-13 07:56:46.732 &amp#27;[34mINFO &amp#27;[0;39m [main] &amp#27;[36mcom.panzipool.api.config.ScheduledTasks&amp#27;[0;39m - 开始清理过期事件日志: threshold=2026-04-14T07:56:46.732147
2026-07-13 07:56:46.735 &amp#27;[34mINFO &amp#27;[0;39m [main] &amp#27;[36mcom.panzipool.api.config.ScheduledTasks&amp#27;[0;39m - 清理过期事件日志完成: deletedCount=1, threshold=2026-04-14T07:56:46.732147
]]></system-out>
  </testcase>
  <testcase name="cleanupOldEventLogs_preservesDailyAggregation" classname="com.panzipool.api.config.ScheduledTasksRetentionTest" time="0.047">
    <system-out><![CDATA[2026-07-13 07:56:46.772 &amp#27;[34mINFO &amp#27;[0;39m [main] &amp#27;[36mcom.panzipool.api.config.ScheduledTasks&amp#27;[0;39m - 开始清理过期事件日志: threshold=2026-04-14T07:56:46.772157600
2026-07-13 07:56:46.777 &amp#27;[34mINFO &amp#27;[0;39m [main] &amp#27;[36mcom.panzipool.api.config.ScheduledTasks&amp#27;[0;39m - 清理过期事件日志完成: deletedCount=1, threshold=2026-04-14T07:56:46.772157600
]]></system-out>
  </testcase>
  <testcase name="cleanupOldEventLogs_deletesOldLogs_keepsRecentLogs" classname="com.panzipool.api.config.ScheduledTasksRetentionTest" time="0.047">
    <system-out><![CDATA[2026-07-13 07:56:46.822 &amp#27;[34mINFO &amp#27;[0;39m [main] &amp#27;[36mcom.panzipool.api.config.ScheduledTasks&amp#27;[0;39m - 开始清理过期事件日志: threshold=2026-04-14T07:56:46.822194800
2026-07-13 07:56:46.826 &amp#27;[34mINFO &amp#27;[0;39m [main] &amp#27;[36mcom.panzipool.api.config.ScheduledTasks&amp#27;[0;39m - 清理过期事件日志完成: deletedCount=2, threshold=2026-04-14T07:56:46.822194800
]]></system-out>
  </testcase>
</testsuite>